<?xml version="1.0" encoding="UTF-8"?>
<testsuite xmlns:xsi="http://www.w3.org/2001/XMLSchema-instance" xsi:noNamespaceSchemaLocation="https://maven.apache.org/surefire/maven-surefire-plugin/xsd/surefire-test-report.xsd" name="com.wongnai.interview.movie.search.SimpleMovieSearchServiceIntegrationTest" time="2.448" tests="5" errors="0" skipped="0" failures="0">
  <properties>
[...]
</properties>
  <testcase name="testFindSingleKeywordContainInTitleWithCaseInsensitive" classname="com.wongnai.interview.movie.search.SimpleMovieSearchServiceIntegrationTest" time="0.243"/>
  <testcase name="testFullMovieNameMustNotMatch" classname="com.wongnai.interview.movie.search.SimpleMovieSearchServiceIntegrationTest" time="0.528"/>
  <testcase name="testPartialWordMustNotMatch" classname="com.wongnai.interview.movie.search.SimpleMovieSearchServiceIntegrationTest" time="0.465"/>
  <testcase name="testFindSingleKeywordContainInTitle" classname="com.wongnai.interview.movie.search.SimpleMovieSearchServiceIntegrationTest" time="0.455"/>
  <testcase name="testMultiWordMustNotMatch" classname="com.wongnai.interview.movie.search.SimpleMovieSearchServiceIntegrationTest" time="0.466"/>
</testsuite>